c:\users\fil\documents\visual studio 2017\projects\vaconnect\wlannative\x64\debug\wlannative.pch
c:\users\fil\documents\visual studio 2017\projects\vaconnect\wlannative\x64\debug\vc141.pdb
c:\users\fil\documents\visual studio 2017\projects\vaconnect\wlannative\x64\debug\stdafx.obj
c:\users\fil\documents\visual studio 2017\projects\vaconnect\wlannative\x64\debug\wlannative.obj
c:\users\fil\documents\visual studio 2017\projects\vaconnect\wlannative\x64\debug\assemblyinfo.obj
c:\users\fil\documents\visual studio 2017\projects\vaconnect\wlannative\x64\debug\.netframework,version=v4.6.1.assemblyattributes.obj
c:\users\fil\documents\visual studio 2017\projects\vaconnect\wlannative\x64\debug\.netframework,version=v4.6.1.assemblyattributes.asm
c:\users\fil\documents\visual studio 2017\projects\vaconnect\x64\debug\wlannative.dll
c:\users\fil\documents\visual studio 2017\projects\vaconnect\x64\debug\wlannative.pdb
c:\users\fil\documents\visual studio 2017\projects\vaconnect\wlannative\x64\debug\app.res
c:\users\fil\documents\visual studio 2017\projects\vaconnect\wlannative\x64\debug\wlannative.vcxprojresolveassemblyreference.cache
c:\users\fil\documents\visual studio 2017\projects\vaconnect\wlannative\x64\debug\wlannative.tlog\cl.command.1.tlog
c:\users\fil\documents\visual studio 2017\projects\vaconnect\wlannative\x64\debug\wlannative.tlog\cl.read.1.tlog
c:\users\fil\documents\visual studio 2017\projects\vaconnect\wlannative\x64\debug\wlannative.tlog\cl.write.1.tlog
c:\users\fil\documents\visual studio 2017\projects\vaconnect\wlannative\x64\debug\wlannative.tlog\link.command.1.tlog
c:\users\fil\documents\visual studio 2017\projects\vaconnect\wlannative\x64\debug\wlannative.tlog\link.read.1.tlog
c:\users\fil\documents\visual studio 2017\projects\vaconnect\wlannative\x64\debug\wlannative.tlog\link.write.1.tlog
c:\users\fil\documents\visual studio 2017\projects\vaconnect\wlannative\x64\debug\wlannative.tlog\metagen.read.1.tlog
c:\users\fil\documents\visual studio 2017\projects\vaconnect\wlannative\x64\debug\wlannative.tlog\metagen.write.1.tlog
c:\users\fil\documents\visual studio 2017\projects\vaconnect\wlannative\x64\debug\wlannative.tlog\rc.command.1.tlog
c:\users\fil\documents\visual studio 2017\projects\vaconnect\wlannative\x64\debug\wlannative.tlog\rc.read.1.tlog
c:\users\fil\documents\visual studio 2017\projects\vaconnect\wlannative\x64\debug\wlannative.tlog\rc.write.1.tlog
c:\users\fil\documents\visual studio 2017\projects\vaconnect\wlannative\x64\debug\wlannative.tlog\tzres.dll.bi
